Thu May 30 10:48:30 AM EDT 2024: Conky started successfully
Thu May 30 10:49:51 AM EDT 2024: Starting Conky
Thu May 30 10:49:51 AM EDT 2024: Conky started successfully
Thu May 30 10:50:48 AM EDT 2024: Starting Conky
Thu May 30 10:50:48 AM EDT 2024: Conky started successfully
Thu May 30 10:55:58 AM EDT 2024: Starting Conky
Thu May 30 10:55:58 AM EDT 2024: Conky started successfully
Thu May 30 10:57:03 AM EDT 2024: Starting Conky
Thu May 30 10:57:03 AM EDT 2024: Conky started successfully
Thu May 30 10:58:19 AM EDT 2024: Starting Conky
Thu May 30 10:58:19 AM EDT 2024: Conky started successfully
Thu May 30 11:05:44 AM EDT 2024: Starting Conky
Thu May 30 11:05:44 AM EDT 2024: Conky started successfully
Thu May 30 11:07:47 AM EDT 2024: Starting Conky
Thu May 30 11:07:47 AM EDT 2024: Conky started successfully
Thu May 30 12:05:20 PM EDT 2024: Starting Conky
Thu May 30 12:05:20 PM EDT 2024: Conky started successfully
Thu May 30 12:05:59 PM EDT 2024: Starting Conky
Thu May 30 12:05:59 PM EDT 2024: Conky started successfully
Thu May 30 12:20:39 PM EDT 2024: Starting Conky
Thu May 30 12:20:39 PM EDT 2024: Conky started successfully
Thu May 30 12:21:06 PM EDT 2024: Starting Conky
Thu May 30 12:21:06 PM EDT 2024: Conky started successfully
Thu May 30 12:23:33 PM EDT 2024: Starting Conky
Thu May 30 12:23:33 PM EDT 2024: Conky started successfully
Thu May 30 12:52:59 PM EDT 2024: Starting Conky
Thu May 30 12:52:59 PM EDT 2024: Conky started successfully
Thu May 30 01:33:33 PM EDT 2024: Starting Conky
Thu May 30 01:33:33 PM EDT 2024: Conky started successfully
Thu May 30 01:55:01 PM EDT 2024: Starting Conky
Thu May 30 01:55:01 PM EDT 2024: Conky started successfully
Thu May 30 02:01:57 PM EDT 2024: Conky is already running
Thu May 30 02:02:08 PM EDT 2024: Conky is already running
Thu May 30 02:03:06 PM EDT 2024: Starting Conky
Thu May 30 02:03:06 PM EDT 2024: Conky started successfully
Thu May 30 05:15:45 PM EDT 2024: Starting Conky
Thu May 30 05:15:45 PM EDT 2024: Conky started successfully
Thu May 30 05:46:15 PM EDT 2024: Starting Conky
Thu May 30 05:46:15 PM EDT 2024: Conky started successfully
Thu May 30 05:48:18 PM EDT 2024: Starting Conky
Thu May 30 05:48:18 PM EDT 2024: Conky started successfully
Thu May 30 05:48:49 PM EDT 2024: Starting Conky
Thu May 30 05:48:49 PM EDT 2024: Conky started successfully
Thu May 30 05:49:57 PM EDT 2024: Starting Conky
Thu May 30 05:49:57 PM EDT 2024: Conky started successfully
Thu May 30 05:50:34 PM EDT 2024: Starting Conky
Thu May 30 05:50:34 PM EDT 2024: Conky started successfully
Thu May 30 05:51:02 PM EDT 2024: Starting Conky
Thu May 30 05:51:02 PM EDT 2024: Conky started successfully
Thu May 30 05:51:18 PM EDT 2024: Log reached maximum entries, rotating log
Thu May 30 05:51:18 PM EDT 2024: Starting Conky
Thu May 30 05:51:18 PM EDT 2024: Conky started successfully
Thu May 30 05:51:46 PM EDT 2024: Starting Conky
Thu May 30 05:51:46 PM EDT 2024: Conky started successfully
Thu May 30 05:52:00 PM EDT 2024: Starting Conky
Thu May 30 05:52:00 PM EDT 2024: Conky started successfully
Thu May 30 05:53:49 PM EDT 2024: Starting Conky
Thu May 30 05:53:49 PM EDT 2024: Conky started successfully
Thu May 30 05:54:30 PM EDT 2024: Starting Conky
Thu May 30 05:54:30 PM EDT 2024: Conky started successfully
Thu May 30 05:56:04 PM EDT 2024: Starting Conky
Thu May 30 05:56:04 PM EDT 2024: Conky started successfully
Thu May 30 06:32:34 PM EDT 2024: Conky is already running
Thu May 30 06:32:39 PM EDT 2024: Conky is already running
Thu May 30 06:33:12 PM EDT 2024: Conky is already running
Thu May 30 06:34:03 PM EDT 2024: Starting Conky
Thu May 30 06:34:03 PM EDT 2024: Conky started successfully
Tue Jun 11 04:20:06 PM EDT 2024: Starting Conky
Tue Jun 11 04:20:06 PM EDT 2024: Conky started successfully
Tue Jun 11 05:53:57 PM EDT 2024: Starting Conky
Tue Jun 11 05:53:57 PM EDT 2024: Conky started successfully
