[18:44:34.966][info] [#0:/home/madhatter/.local/share/nvim/mason/packages/lua-language-server/libexec/main.lua:68]: Lua Lsp startup, root: 	/home/madhatter/.local/share/nvim/mason/packages/lua-language-server/libexec
[18:44:34.966][info] [#0:/home/madhatter/.local/share/nvim/mason/packages/lua-language-server/libexec/main.lua:69]: ROOT:	/home/madhatter/.local/share/nvim/mason/packages/lua-language-server/libexec
[18:44:34.966][info] [#0:/home/madhatter/.local/share/nvim/mason/packages/lua-language-server/libexec/main.lua:70]: LOGPATH:	/home/madhatter/.local/share/nvim/mason/packages/lua-language-server/libexec/log
[18:44:34.966][info] [#0:/home/madhatter/.local/share/nvim/mason/packages/lua-language-server/libexec/main.lua:71]: METAPATH:	/home/madhatter/.local/share/nvim/mason/packages/lua-language-server/libexec/meta
[18:44:34.969][info] [#0:/home/madhatter/.local/share/nvim/mason/packages/lua-language-server/libexec/main.lua:72]: VERSION:	3.9.2
[18:44:35.034][info] [#0:script/proto/proto.lua:234]: Listen Mode: stdio
[18:44:35.034][info] [#0:script/service/service.lua:145]: 
========= Medical Examination Report =========
    --------------- Memory ---------------
        Total: 1.393 MB
        # 00 : 1.393 MB
        # 01 : 0.000 MB
        # 02 : 0.000 MB
        # 03 : 0.000 MB
        # 04 : 0.000 MB
    --------------- Coroutine ---------------
        Total:     0
        Running:   0
        Suspended: 0
        Normal:    0
        Dead:      0
    --------------- Cache ---------------
        Total: 1
        Dead:  0
    ---------------  RPC  ---------------
        Holdon:   0
        Waiting:  0
==============================================
[18:44:35.046][info] [#0:script/client.lua:657]: Client init	{
  capabilities = {
    general = {
      positionEncodings = { "utf-16" }
    },
    textDocument = {
      callHierarchy = {
        dynamicRegistration = false
      },
      codeAction = {
        codeActionLiteralSupport = {
          codeActionKind = {
            valueSet = { "", "quickfix", "refactor", "refactor.extract", "refactor.inline", "refactor.rewrite", "source", "source.organizeImports" }
          }
        },
        dataSupport = true,
        dynamicRegistration = true,
        isPreferredSupport = true,
        resolveSupport = {
          properties = { "edit" }
        }
      },
      completion = {
        completionItem = {
          commitCharactersSupport = true,
          deprecatedSupport = true,
          documentationFormat = { "markdown", "plaintext" },
          insertReplaceSupport = true,
          insertTextModeSupport = {
            valueSet = { 1, 2 }
          },
          labelDetailsSupport = true,
          preselectSupport = true,
          resolveSupport = {
            properties = { "documentation", "detail", "additionalTextEdits", "sortText", "filterText", "insertText", "textEdit", "insertTextFormat", "insertTextMode" }
          },
          snippetSupport = true,
          tagSupport = {
            valueSet = { 1 }
          }
        },
        completionItemKind = {
          valueSet = { 1, 2, 3, 4, 5, 6, 7, 8, 9, 10, 11, 12, 13, 14, 15, 16, 17, 18, 19, 20, 21, 22, 23, 24, 25 }
        },
        completionList = {
          itemDefaults = { "commitCharacters", "editRange", "insertTextFormat", "insertTextMode", "data" }
        },
        contextSupport = true,
        dynamicRegistration = false,
        insertTextMode = 1
      },
      declaration = {
        linkSupport = true
      },
      definition = {
        dynamicRegistration = true,
        linkSupport = true
      },
      diagnostic = {
        dynamicRegistration = false
      },
      documentHighlight = {
        dynamicRegistration = false
      },
      documentSymbol = {
        dynamicRegistration = false,
        hierarchicalDocumentSymbolSupport = true,
        symbolKind = {
          valueSet = { 1, 2, 3, 4, 5, 6, 7, 8, 9, 10, 11, 12, 13, 14, 15, 16, 17, 18, 19, 20, 21, 22, 23, 24, 25, 26 }
        }
      },
      formatting = {
        dynamicRegistration = true
      },
      hover = {
        contentFormat = { "markdown", "plaintext" },
        dynamicRegistration = true
      },
      implementation = {
        linkSupport = true
      },
      inlayHint = {
        dynamicRegistration = true,
        resolveSupport = {
          properties = { "textEdits", "tooltip", "location", "command" }
        }
      },
      publishDiagnostics = {
        dataSupport = true,
        relatedInformation = true,
        tagSupport = {
          valueSet = { 1, 2 }
        }
      },
      rangeFormatting = {
        dynamicRegistration = true
      },
      references = {
        dynamicRegistration = false
      },
      rename = {
        dynamicRegistration = true,
        prepareSupport = true
      },
      semanticTokens = {
        augmentsSyntaxTokens = true,
        dynamicRegistration = false,
        formats = { "relative" },
        multilineTokenSupport = false,
        overlappingTokenSupport = true,
        requests = {
          full = {
            delta = true
          },
          range = false
        },
        serverCancelSupport = false,
        tokenModifiers = { "declaration", "definition", "readonly", "static", "deprecated", "abstract", "async", "modification", "documentation", "defaultLibrary" },
        tokenTypes = { "namespace", "type", "class", "enum", "interface", "struct", "typeParameter", "parameter", "variable", "property", "enumMember", "event", "function", "method", "macro", "keyword", "modifier", "comment", "string", "number", "regexp", "operator", "decorator" }
      },
      signatureHelp = {
        dynamicRegistration = false,
        signatureInformation = {
          activeParameterSupport = true,
          documentationFormat = { "markdown", "plaintext" },
          parameterInformation = {
            labelOffsetSupport = true
          }
        }
      },
      synchronization = {
        didSave = true,
        dynamicRegistration = false,
        willSave = true,
        willSaveWaitUntil = true
      },
      typeDefinition = {
        linkSupport = true
      }
    },
    window = {
      showDocument = {
        support = true
      },
      showMessage = {
        messageActionItem = {
          additionalPropertiesSupport = false
        }
      },
      workDoneProgress = true
    },
    workspace = {
      applyEdit = true,
      configuration = true,
      didChangeConfiguration = {
        dynamicRegistration = false
      },
      didChangeWatchedFiles = {
        dynamicRegistration = false,
        relativePatternSupport = true
      },
      inlayHint = {
        refreshSupport = true
      },
      semanticTokens = {
        refreshSupport = true
      },
      symbol = {
        dynamicRegistration = false,
        symbolKind = {
          valueSet = { 1, 2, 3, 4, 5, 6, 7, 8, 9, 10, 11, 12, 13, 14, 15, 16, 17, 18, 19, 20, 21, 22, 23, 24, 25, 26 }
        }
      },
      workspaceEdit = {
        resourceOperations = { "rename", "create", "delete" }
      },
      workspaceFolders = true
    }
  },
  clientInfo = {
    name = "Neovim",
    version = "0.10.0-dev"
  },
  initializationOptions = {},
  processId = 490144,
  trace = "off",
  workDoneToken = "1"
}
[18:44:35.046][info] [#0:script/language.lua:137]: VSC language: nil
[18:44:35.046][info] [#0:script/language.lua:138]: LS  language: en-us
[18:44:35.152][info] [#0:script/provider/provider.lua:61]: Load config from client	fallback
[18:44:35.152][info] [#0:script/provider/provider.lua:62]: {
  Lua = {
    completion = {
      callSnippet = "Replace"
    },
    runtime = {
      path = { "?.lua", "?/init.lua" },
      pathStrict = true,
      version = "LuaJIT"
    },
    workspace = {
      ignoreDir = { "types/stable", "lua" }
    }
  }
}
[18:44:35.152][info] [#0:script/provider/provider.lua:61]: Load config from client	fallback
[18:44:35.152][info] [#0:script/provider/provider.lua:62]: {
  Lua = {
    completion = {
      callSnippet = "Replace"
    },
    runtime = {
      path = { "?.lua", "?/init.lua" },
      pathStrict = true,
      version = "LuaJIT"
    },
    workspace = {
      ignoreDir = { "types/stable", "lua" }
    }
  }
}
[18:44:35.287][info] [#0:script/library.lua:212]: Init builtin library at:	nil
[18:44:35.410][info] [#0:script/workspace/workspace.lua:324]: Preload start:	<fallback>
[18:44:35.415][info] [#0:script/workspace/workspace.lua:353]: Scan library at:	file:///home/madhatter/.local/share/nvim/mason/packages/lua-language-server/libexec/meta/LuaJIT%20en-us%20utf8/coroutine.lua
[18:44:35.415][info] [#0:script/workspace/workspace.lua:353]: Scan library at:	file:///home/madhatter/.local/share/nvim/mason/packages/lua-language-server/libexec/meta/LuaJIT%20en-us%20utf8/bit.lua
[18:44:35.415][info] [#0:script/workspace/workspace.lua:353]: Scan library at:	file:///home/madhatter/.local/share/nvim/mason/packages/lua-language-server/libexec/meta/LuaJIT%20en-us%20utf8/basic.lua
[18:44:35.416][info] [#0:script/workspace/workspace.lua:353]: Scan library at:	file:///home/madhatter/.local/share/nvim/mason/packages/lua-language-server/libexec/meta/LuaJIT%20en-us%20utf8/jit/util.lua
[18:44:35.416][info] [#0:script/workspace/workspace.lua:353]: Scan library at:	file:///home/madhatter/.local/share/nvim/mason/packages/lua-language-server/libexec/meta/LuaJIT%20en-us%20utf8/table/clear.lua
[18:44:35.416][info] [#0:script/workspace/workspace.lua:353]: Scan library at:	file:///home/madhatter/.local/share/nvim/mason/packages/lua-language-server/libexec/meta/LuaJIT%20en-us%20utf8/string/buffer.lua
[18:44:35.416][info] [#0:script/workspace/workspace.lua:353]: Scan library at:	file:///home/madhatter/.local/share/nvim/mason/packages/lua-language-server/libexec/meta/LuaJIT%20en-us%20utf8/io.lua
[18:44:35.416][info] [#0:script/workspace/workspace.lua:353]: Scan library at:	file:///home/madhatter/.local/share/nvim/mason/packages/lua-language-server/libexec/meta/LuaJIT%20en-us%20utf8/os.lua
[18:44:35.416][info] [#0:script/workspace/workspace.lua:353]: Scan library at:	file:///home/madhatter/.local/share/nvim/mason/packages/lua-language-server/libexec/meta/LuaJIT%20en-us%20utf8/table.lua
[18:44:35.417][info] [#0:script/workspace/workspace.lua:353]: Scan library at:	file:///home/madhatter/.local/share/nvim/mason/packages/lua-language-server/libexec/meta/LuaJIT%20en-us%20utf8/package.lua
[18:44:35.417][info] [#0:script/workspace/workspace.lua:353]: Scan library at:	file:///home/madhatter/.local/share/nvim/mason/packages/lua-language-server/libexec/meta/LuaJIT%20en-us%20utf8/jit/profile.lua
[18:44:35.417][info] [#0:script/workspace/workspace.lua:353]: Scan library at:	file:///home/madhatter/.local/share/nvim/mason/packages/lua-language-server/libexec/meta/LuaJIT%20en-us%20utf8/ffi.lua
[18:44:35.417][info] [#0:script/workspace/workspace.lua:353]: Scan library at:	file:///home/madhatter/.local/share/nvim/mason/packages/lua-language-server/libexec/meta/LuaJIT%20en-us%20utf8/string.lua
[18:44:35.417][info] [#0:script/workspace/workspace.lua:353]: Scan library at:	file:///home/madhatter/.local/share/nvim/mason/packages/lua-language-server/libexec/meta/LuaJIT%20en-us%20utf8/table/new.lua
[18:44:35.418][info] [#0:script/workspace/workspace.lua:353]: Scan library at:	file:///home/madhatter/.local/share/nvim/mason/packages/lua-language-server/libexec/meta/LuaJIT%20en-us%20utf8/math.lua
[18:44:35.418][info] [#0:script/workspace/workspace.lua:353]: Scan library at:	file:///home/madhatter/.local/share/nvim/mason/packages/lua-language-server/libexec/meta/LuaJIT%20en-us%20utf8/jit.lua
[18:44:35.418][info] [#0:script/workspace/workspace.lua:353]: Scan library at:	file:///home/madhatter/.local/share/nvim/mason/packages/lua-language-server/libexec/meta/LuaJIT%20en-us%20utf8/debug.lua
[18:44:35.418][info] [#0:script/workspace/workspace.lua:353]: Scan library at:	file:///home/madhatter/.local/share/nvim/mason/packages/lua-language-server/libexec/meta/LuaJIT%20en-us%20utf8/builtin.lua
[18:44:35.519][info] [#0:script/workspace/workspace.lua:379]: Found 18 files at:	<fallback>
[18:44:35.519][info] [#0:script/workspace/loading.lua:161]: Load files from disk:	<fallback>
[18:44:35.522][info] [#0:script/workspace/loading.lua:101]: Preload file at: file:///home/madhatter/.local/share/nvim/mason/packages/lua-language-server/libexec/meta/LuaJIT%20en-us%20utf8/builtin.lua , size = 0.302 KB
[18:44:35.527][info] [#0:script/workspace/loading.lua:113]: ++++As library of:	file:///home/madhatter/.local/share/nvim/mason/packages/lua-language-server/libexec/meta/LuaJIT%20en-us%20utf8/builtin.lua
[18:44:35.527][info] [#0:script/workspace/loading.lua:101]: Preload file at: file:///home/madhatter/.local/share/nvim/mason/packages/lua-language-server/libexec/meta/LuaJIT%20en-us%20utf8/debug.lua , size = 7.310 KB
[18:44:35.557][info] [#0:script/workspace/loading.lua:113]: ++++As library of:	file:///home/madhatter/.local/share/nvim/mason/packages/lua-language-server/libexec/meta/LuaJIT%20en-us%20utf8/debug.lua
[18:44:35.560][info] [#0:script/workspace/loading.lua:101]: Preload file at: file:///home/madhatter/.local/share/nvim/mason/packages/lua-language-server/libexec/meta/LuaJIT%20en-us%20utf8/math.lua , size = 7.949 KB
[18:44:35.571][info] [#0:script/workspace/loading.lua:113]: ++++As library of:	file:///home/madhatter/.local/share/nvim/mason/packages/lua-language-server/libexec/meta/LuaJIT%20en-us%20utf8/math.lua
[18:44:35.571][info] [#0:script/workspace/loading.lua:101]: Preload file at: file:///home/madhatter/.local/share/nvim/mason/packages/lua-language-server/libexec/meta/LuaJIT%20en-us%20utf8/jit.lua , size = 0.884 KB
[18:44:35.573][info] [#0:script/workspace/loading.lua:113]: ++++As library of:	file:///home/madhatter/.local/share/nvim/mason/packages/lua-language-server/libexec/meta/LuaJIT%20en-us%20utf8/jit.lua
[18:44:35.573][info] [#0:script/workspace/loading.lua:101]: Preload file at: file:///home/madhatter/.local/share/nvim/mason/packages/lua-language-server/libexec/meta/LuaJIT%20en-us%20utf8/table/new.lua , size = 0.642 KB
[18:44:35.574][info] [#0:script/workspace/loading.lua:113]: ++++As library of:	file:///home/madhatter/.local/share/nvim/mason/packages/lua-language-server/libexec/meta/LuaJIT%20en-us%20utf8/table/new.lua
[18:44:35.574][info] [#0:script/workspace/loading.lua:101]: Preload file at: file:///home/madhatter/.local/share/nvim/mason/packages/lua-language-server/libexec/meta/LuaJIT%20en-us%20utf8/string.lua , size = 6.323 KB
[18:44:35.582][info] [#0:script/workspace/loading.lua:113]: ++++As library of:	file:///home/madhatter/.local/share/nvim/mason/packages/lua-language-server/libexec/meta/LuaJIT%20en-us%20utf8/string.lua
[18:44:35.582][info] [#0:script/workspace/loading.lua:101]: Preload file at: file:///home/madhatter/.local/share/nvim/mason/packages/lua-language-server/libexec/meta/LuaJIT%20en-us%20utf8/ffi.lua , size = 2.529 KB
[18:44:35.587][info] [#0:script/workspace/loading.lua:113]: ++++As library of:	file:///home/madhatter/.local/share/nvim/mason/packages/lua-language-server/libexec/meta/LuaJIT%20en-us%20utf8/ffi.lua
[18:44:35.587][info] [#0:script/workspace/loading.lua:101]: Preload file at: file:///home/madhatter/.local/share/nvim/mason/packages/lua-language-server/libexec/meta/LuaJIT%20en-us%20utf8/jit/profile.lua , size = 0.348 KB
[18:44:35.588][info] [#0:script/workspace/loading.lua:113]: ++++As library of:	file:///home/madhatter/.local/share/nvim/mason/packages/lua-language-server/libexec/meta/LuaJIT%20en-us%20utf8/jit/profile.lua
[18:44:35.588][info] [#0:script/workspace/loading.lua:101]: Preload file at: file:///home/madhatter/.local/share/nvim/mason/packages/lua-language-server/libexec/meta/LuaJIT%20en-us%20utf8/package.lua , size = 2.699 KB
[18:44:35.591][info] [#0:script/workspace/loading.lua:113]: ++++As library of:	file:///home/madhatter/.local/share/nvim/mason/packages/lua-language-server/libexec/meta/LuaJIT%20en-us%20utf8/package.lua
[18:44:35.591][info] [#0:script/workspace/loading.lua:101]: Preload file at: file:///home/madhatter/.local/share/nvim/mason/packages/lua-language-server/libexec/meta/LuaJIT%20en-us%20utf8/table.lua , size = 4.235 KB
[18:44:35.595][info] [#0:script/workspace/loading.lua:113]: ++++As library of:	file:///home/madhatter/.local/share/nvim/mason/packages/lua-language-server/libexec/meta/LuaJIT%20en-us%20utf8/table.lua
[18:44:35.595][info] [#0:script/workspace/loading.lua:101]: Preload file at: file:///home/madhatter/.local/share/nvim/mason/packages/lua-language-server/libexec/meta/LuaJIT%20en-us%20utf8/os.lua , size = 5.600 KB
[18:44:35.602][info] [#0:script/workspace/loading.lua:113]: ++++As library of:	file:///home/madhatter/.local/share/nvim/mason/packages/lua-language-server/libexec/meta/LuaJIT%20en-us%20utf8/os.lua
[18:44:35.602][info] [#0:script/workspace/loading.lua:101]: Preload file at: file:///home/madhatter/.local/share/nvim/mason/packages/lua-language-server/libexec/meta/LuaJIT%20en-us%20utf8/io.lua , size = 6.364 KB
[18:44:35.608][info] [#0:script/workspace/loading.lua:113]: ++++As library of:	file:///home/madhatter/.local/share/nvim/mason/packages/lua-language-server/libexec/meta/LuaJIT%20en-us%20utf8/io.lua
[18:44:35.608][info] [#0:script/workspace/loading.lua:101]: Preload file at: file:///home/madhatter/.local/share/nvim/mason/packages/lua-language-server/libexec/meta/LuaJIT%20en-us%20utf8/string/buffer.lua , size = 18.123 KB
[18:44:35.615][info] [#0:script/workspace/loading.lua:113]: ++++As library of:	file:///home/madhatter/.local/share/nvim/mason/packages/lua-language-server/libexec/meta/LuaJIT%20en-us%20utf8/string/buffer.lua
[18:44:35.615][info] [#0:script/workspace/loading.lua:101]: Preload file at: file:///home/madhatter/.local/share/nvim/mason/packages/lua-language-server/libexec/meta/LuaJIT%20en-us%20utf8/table/clear.lua , size = 0.797 KB
[18:44:35.616][info] [#0:script/workspace/loading.lua:113]: ++++As library of:	file:///home/madhatter/.local/share/nvim/mason/packages/lua-language-server/libexec/meta/LuaJIT%20en-us%20utf8/table/clear.lua
[18:44:35.616][info] [#0:script/workspace/loading.lua:101]: Preload file at: file:///home/madhatter/.local/share/nvim/mason/packages/lua-language-server/libexec/meta/LuaJIT%20en-us%20utf8/jit/util.lua , size = 1.984 KB
[18:44:35.620][info] [#0:script/workspace/loading.lua:113]: ++++As library of:	file:///home/madhatter/.local/share/nvim/mason/packages/lua-language-server/libexec/meta/LuaJIT%20en-us%20utf8/jit/util.lua
[18:44:35.620][info] [#0:script/workspace/loading.lua:101]: Preload file at: file:///home/madhatter/.local/share/nvim/mason/packages/lua-language-server/libexec/meta/LuaJIT%20en-us%20utf8/basic.lua , size = 15.231 KB
[18:44:35.635][info] [#0:script/workspace/loading.lua:113]: ++++As library of:	file:///home/madhatter/.local/share/nvim/mason/packages/lua-language-server/libexec/meta/LuaJIT%20en-us%20utf8/basic.lua
[18:44:35.635][info] [#0:script/workspace/loading.lua:101]: Preload file at: file:///home/madhatter/.local/share/nvim/mason/packages/lua-language-server/libexec/meta/LuaJIT%20en-us%20utf8/coroutine.lua , size = 2.541 KB
[18:44:35.637][info] [#0:script/workspace/loading.lua:113]: ++++As library of:	file:///home/madhatter/.local/share/nvim/mason/packages/lua-language-server/libexec/meta/LuaJIT%20en-us%20utf8/coroutine.lua
[18:44:35.637][info] [#0:script/workspace/loading.lua:101]: Preload file at: file:///home/madhatter/.local/share/nvim/mason/packages/lua-language-server/libexec/meta/LuaJIT%20en-us%20utf8/bit.lua , size = 1.319 KB
[18:44:35.640][info] [#0:script/workspace/loading.lua:113]: ++++As library of:	file:///home/madhatter/.local/share/nvim/mason/packages/lua-language-server/libexec/meta/LuaJIT%20en-us%20utf8/bit.lua
[18:44:35.640][info] [#0:script/workspace/loading.lua:173]: Loaded files takes [0.119] sec: <fallback>
[18:44:35.640][info] [#0:script/workspace/loading.lua:182]: Compile files takes [0.000] sec: <fallback>
[18:44:35.640][info] [#0:script/workspace/loading.lua:183]: Loaded finish:	<fallback>
[18:44:35.640][info] [#0:script/workspace/workspace.lua:381]: Preload finish at:	<fallback>
[18:47:30.958][info] [#0:script/provider/provider.lua:169]: Server shutdown.
[18:47:30.958][warn] [#0:script/pub/report.lua:25]: Load proto error:	Disconnected!
